<?xml version="1.0" encoding="UTF-8"?>
<!-- Generated by org.testng.reporters.JUnitXMLReporter -->
<testsuite ignored="0" hostname="DESKTOP-OOA8I55" failures="0" tests="6" name="Test" time="0.058" errors="0" timestamp="2020-09-08T20:33:56 BST">
  <testcase classname="victoracademy.Mavenjava.AppiumTest" name="IOSApp" time="0.004"/>
  <testcase classname="victoracademy.Mavenjava.AppiumTest" name="NativeAppAndroid" time="0.001"/>
  <testcase classname="victoracademy.Mavenjava.SeleniumTest" name="BrowserAutomation" time="0.001"/>
  <testcase classname="victoracademy.Mavenjava.SeleniumTest" name="elementUI" time="0.001"/>
  <testcase classname="victoracademy.Mavenjava.RestAPITest" name="deleteTwitter" time="0.001"/>
  <testcase classname="victoracademy.Mavenjava.RestAPITest" name="postJira" time="0.0"/>
</testsuite> <!-- Test -->
