<?xml version="1.0" encoding="UTF-8"?>
<testng-results ignored="0" total="6" passed="6" failed="0" skipped="0">
  <reporter-output>
  </reporter-output>
  <suite started-at="2020-09-08T20:33:56 BST" name="Suite" finished-at="2020-09-08T20:33:56 BST" duration-ms="58">
    <groups>
    </groups>
    <test started-at="2020-09-08T20:33:56 BST" name="Test" finished-at="2020-09-08T20:33:56 BST" duration-ms="58">
      <class name="victoracademy.Mavenjava.RestAPITest">
        <test-method signature="deleteTwitter()[pri:0, instance:victoracademy.Mavenjava.RestAPITest@2a266d09]" started-at="2020-09-08T20:33:56 BST" name="deleteTwitter" finished-at="2020-09-08T20:33:56 BST" duration-ms="1" status="PASS">
          <reporter-output>
          </reporter-output>
        </test-method> <!-- deleteTwitter -->
        <test-method signature="postJira()[pri:0, instance:victoracademy.Mavenjava.RestAPITest@2a266d09]" started-at="2020-09-08T20:33:56 BST" name="postJira" finished-at="2020-09-08T20:33:56 BST" duration-ms="0" status="PASS">
          <reporter-output>
          </reporter-output>
        </test-method> <!-- postJira -->
      </class> <!-- victoracademy.Mavenjava.RestAPITest -->
      <class name="victoracademy.Mavenjava.AppiumTest">
        <test-method signature="IOSApp()[pri:0, instance:victoracademy.Mavenjava.AppiumTest@568ff82]" started-at="2020-09-08T20:33:56 BST" name="IOSApp" finished-at="2020-09-08T20:33:56 BST" duration-ms="4" status="PASS">
          <reporter-output>
          </reporter-output>
        </test-method> <!-- IOSApp -->
        <test-method signature="NativeAppAndroid()[pri:0, instance:victoracademy.Mavenjava.AppiumTest@568ff82]" started-at="2020-09-08T20:33:56 BST" name="NativeAppAndroid" finished-at="2020-09-08T20:33:56 BST" duration-ms="1" status="PASS">
          <reporter-output>
          </reporter-output>
        </test-method> <!-- NativeAppAndroid -->
      </class> <!-- victoracademy.Mavenjava.AppiumTest -->
      <class name="victoracademy.Mavenjava.SeleniumTest">
        <test-method signature="BrowserAutomation()[pri:0, instance:victoracademy.Mavenjava.SeleniumTest@50caa560]" started-at="2020-09-08T20:33:56 BST" name="BrowserAutomation" finished-at="2020-09-08T20:33:56 BST" duration-ms="1" status="PASS">
          <reporter-output>
          </reporter-output>
        </test-method> <!-- BrowserAutomation -->
        <test-method signature="elementUI()[pri:0, instance:victoracademy.Mavenjava.SeleniumTest@50caa560]" started-at="2020-09-08T20:33:56 BST" name="elementUI" finished-at="2020-09-08T20:33:56 BST" duration-ms="1" status="PASS">
          <reporter-output>
          </reporter-output>
        </test-method> <!-- elementUI -->
      </class> <!-- victoracademy.Mavenjava.SeleniumTest -->
    </test> <!-- Test -->
  </suite> <!-- Suite -->
</testng-results>
