<?xml version="1.0" encoding="UTF-8"?>
<testsuite xmlns:xsi="http://www.w3.org/2001/XMLSchema-instance" xsi:noNamespaceSchemaLocation="https://maven.apache.org/surefire/maven-surefire-plugin/xsd/surefire-test-report-3.0.xsd" version="3.0" name="TestSuite" time="0.897" tests="6" errors="0" skipped="0" failures="0">
  <properties>
[...]
</properties>
  <testcase name="IOSApp" classname="victoracademy.Mavenjava.AppiumTest" time="0.007">
    <system-out><![CDATA[IOSApp
]]></system-out>
  </testcase>
  <testcase name="NativeAppAndroid" classname="victoracademy.Mavenjava.AppiumTest" time="0.002">
    <system-out><![CDATA[NativeAppAndroid
]]></system-out>
  </testcase>
  <testcase name="BrowserAutomation" classname="victoracademy.Mavenjava.SeleniumTest" time="0.002">
    <system-out><![CDATA[BrowserAutomation
]]></system-out>
  </testcase>
  <testcase name="elementUI" classname="victoracademy.Mavenjava.SeleniumTest" time="0.002">
    <system-out><![CDATA[elementUI
]]></system-out>
  </testcase>
  <testcase name="deleteTwitter" classname="victoracademy.Mavenjava.RestAPITest" time="0.001">
    <system-out><![CDATA[deleteTwitter
]]></system-out>
  </testcase>
  <testcase name="postJira" classname="victoracademy.Mavenjava.RestAPITest" time="0.002">
    <system-out><![CDATA[postJira
]]></system-out>
  </testcase>
</testsuite>