<?xml version="1.0" encoding="UTF-8"?>
<testng-results ignored="0" total="2" passed="2" failed="0" skipped="0">
  <reporter-output>
  </reporter-output>
  <suite started-at="2020-09-12T21:21:31 BST" name="Default suite" finished-at="2020-09-12T21:21:31 BST" duration-ms="91">
    <groups>
    </groups>
    <test started-at="2020-09-12T21:21:31 BST" name="Default test" finished-at="2020-09-12T21:21:31 BST" duration-ms="91">
      <class name="victoracademy.Mavenjava.AppiumTest">
        <test-method signature="IOSApp()[pri:0, instance:victoracademy.Mavenjava.AppiumTest@c333c60]" started-at="2020-09-12T21:21:31 BST" name="IOSApp" finished-at="2020-09-12T21:21:31 BST" duration-ms="20" status="PASS">
          <reporter-output>
          </reporter-output>
        </test-method> <!-- IOSApp -->
        <test-method signature="NativeAppAndroid()[pri:0, instance:victoracademy.Mavenjava.AppiumTest@c333c60]" started-at="2020-09-12T21:21:31 BST" name="NativeAppAndroid" finished-at="2020-09-12T21:21:31 BST" duration-ms="2" status="PASS">
          <reporter-output>
          </reporter-output>
        </test-method> <!-- NativeAppAndroid -->
      </class> <!-- victoracademy.Mavenjava.AppiumTest -->
    </test> <!-- Default test -->
  </suite> <!-- Default suite -->
</testng-results>
